<?xml version="1.0" encoding="UTF-8"?>
<!-- Generated by org.testng.reporters.JUnitXMLReporter -->
<testsuite ignored="0" hostname="DESKTOP-CB2UJMH" failures="0" tests="5" name="Default test" time="45.288" errors="0" timestamp="2025-04-28T11:28:49 IST">
  <testcase classname="test.Student_Creation_Positive_Test" name="Login" time="1.85"/>
  <testcase classname="test.Student_Creation_Positive_Test" name="student_creation" time="14.904"/>
  <testcase classname="test.Student_Creation_Positive_Test" name="update_bus_attendant" time="10.39"/>
  <testcase classname="test.Student_Creation_Positive_Test" name="download_bus_attendant_qr_code" time="8.936"/>
  <testcase classname="test.Student_Creation_Positive_Test" name="delete_bus_attendant" time="6.074"/>
</testsuite> <!-- Default test -->
