<?xml version="1.0" encoding="UTF-8"?>
<testng-results ignored="0" total="2" passed="2" failed="0" skipped="0">
  <reporter-output>
  </reporter-output>
  <suite started-at="2025-05-07T15:30:45 IST" name="Default suite" finished-at="2025-05-07T15:30:57 IST" duration-ms="12732">
    <groups>
    </groups>
    <test started-at="2025-05-07T15:30:45 IST" name="Default test" finished-at="2025-05-07T15:30:57 IST" duration-ms="12732">
      <class name="general_settings.bus_stops.BusStopDeletionTest">
        <test-method is-config="true" signature="launchBrowser()[pri:0, instance:general_settings.bus_stops.BusStopDeletionTest@12a94400]" started-at="2025-05-07T15:30:45 IST" name="launchBrowser" finished-at="2025-05-07T15:30:47 IST" duration-ms="2588" status="PASS">
          <reporter-output>
          </reporter-output>
        </test-method> <!-- launchBrowser -->
        <test-method signature="Login()[pri:0, instance:general_settings.bus_stops.BusStopDeletionTest@12a94400]" started-at="2025-05-07T15:30:47 IST" name="Login" finished-at="2025-05-07T15:30:49 IST" duration-ms="1893" status="PASS">
          <reporter-output>
          </reporter-output>
        </test-method> <!-- Login -->
        <test-method signature="delete_class()[pri:1, instance:general_settings.bus_stops.BusStopDeletionTest@12a94400]" started-at="2025-05-07T15:30:49 IST" name="delete_class" finished-at="2025-05-07T15:30:57 IST" duration-ms="8113" status="PASS">
          <reporter-output>
          </reporter-output>
        </test-method> <!-- delete_class -->
        <test-method is-config="true" signature="tearDown()[pri:0, instance:general_settings.bus_stops.BusStopDeletionTest@12a94400]" started-at="2025-05-07T15:30:57 IST" name="tearDown" finished-at="2025-05-07T15:30:57 IST" duration-ms="2" status="PASS">
          <reporter-output>
          </reporter-output>
        </test-method> <!-- tearDown -->
      </class> <!-- general_settings.bus_stops.BusStopDeletionTest -->
    </test> <!-- Default test -->
  </suite> <!-- Default suite -->
</testng-results>
