<?xml version="1.0" encoding="UTF-8"?>
<testng-results ignored="0" total="5" passed="5" failed="0" skipped="0">
  <reporter-output>
  </reporter-output>
  <suite started-at="2025-04-22T16:03:59 IST" name="Default suite" finished-at="2025-04-22T16:04:46 IST" duration-ms="46778">
    <groups>
    </groups>
    <test started-at="2025-04-22T16:03:59 IST" name="Default test" finished-at="2025-04-22T16:04:46 IST" duration-ms="46778">
      <class name="test.Employee_Bus_Attendant_Positive_Test">
        <test-method is-config="true" signature="launchBrowser()[pri:0, instance:test.Employee_Bus_Attendant_Positive_Test@1d483de4]" started-at="2025-04-22T16:03:56 IST" name="launchBrowser" finished-at="2025-04-22T16:03:59 IST" duration-ms="2741" status="PASS">
          <reporter-output>
          </reporter-output>
        </test-method> <!-- launchBrowser -->
        <test-method signature="create_bus_attendant(java.lang.String,java.lang.String,java.lang.String,java.lang.String,java.lang.String,java.lang.String,java.lang.String,java.lang.String)[pri:0, instance:test.Employee_Bus_Attendant_Positive_Test@1d483de4]" started-at="2025-04-22T16:03:59 IST" name="create_bus_attendant" data-provider="busAttendantData" finished-at="2025-04-22T16:04:13 IST" duration-ms="14089" status="PASS">
          <params>
            <param index="0">
              <value>
                <![CDATA[C:\Users\DELL\Pictures\Screenshots\Screenshot 2025-03-20 122344.png]]>
              </value>
            </param>
            <param index="1">
              <value>
                <![CDATA[BA300]]>
              </value>
            </param>
            <param index="2">
              <value>
                <![CDATA[Ganesh]]>
              </value>
            </param>
            <param index="3">
              <value>
                <![CDATA[IND (+91)]]>
              </value>
            </param>
            <param index="4">
              <value>
                <![CDATA[1122334455]]>
              </value>
            </param>
            <param index="5">
              <value>
                <![CDATA[A+ve]]>
              </value>
            </param>
            <param index="6">
              <value>
                <![CDATA[securePass123]]>
              </value>
            </param>
            <param index="7">
              <value>
                <![CDATA[+91 1122334455]]>
              </value>
            </param>
          </params>
          <reporter-output>
          </reporter-output>
        </test-method> <!-- create_bus_attendant -->
        <test-method signature="search_bus_attendant()[pri:1, instance:test.Employee_Bus_Attendant_Positive_Test@1d483de4]" started-at="2025-04-22T16:04:14 IST" name="search_bus_attendant" finished-at="2025-04-22T16:04:17 IST" duration-ms="3518" status="PASS">
          <reporter-output>
          </reporter-output>
        </test-method> <!-- search_bus_attendant -->
        <test-method signature="update_bus_attendant(java.lang.String,java.lang.String,java.lang.String)[pri:2, instance:test.Employee_Bus_Attendant_Positive_Test@1d483de4]" started-at="2025-04-22T16:04:17 IST" name="update_bus_attendant" data-provider="updateBusAttendantData" finished-at="2025-04-22T16:04:29 IST" duration-ms="11944" status="PASS">
          <params>
            <param index="0">
              <value>
                <![CDATA[C:\Users\DELL\Pictures\Screenshots\Screenshot 2024-06-30 202523.png]]>
              </value>
            </param>
            <param index="1">
              <value>
                <![CDATA[Ganesh Kumar]]>
              </value>
            </param>
            <param index="2">
              <value>
                <![CDATA[9988776655]]>
              </value>
            </param>
          </params>
          <reporter-output>
          </reporter-output>
        </test-method> <!-- update_bus_attendant -->
        <test-method signature="download_bus_attendant_qr_code()[pri:3, instance:test.Employee_Bus_Attendant_Positive_Test@1d483de4]" started-at="2025-04-22T16:04:29 IST" name="download_bus_attendant_qr_code" finished-at="2025-04-22T16:04:37 IST" duration-ms="8096" status="PASS">
          <reporter-output>
          </reporter-output>
        </test-method> <!-- download_bus_attendant_qr_code -->
        <test-method signature="delete_bus_attendant()[pri:4, instance:test.Employee_Bus_Attendant_Positive_Test@1d483de4]" started-at="2025-04-22T16:04:37 IST" name="delete_bus_attendant" finished-at="2025-04-22T16:04:46 IST" duration-ms="8842" status="PASS">
          <reporter-output>
          </reporter-output>
        </test-method> <!-- delete_bus_attendant -->
        <test-method is-config="true" signature="tearDown()[pri:0, instance:test.Employee_Bus_Attendant_Positive_Test@1d483de4]" started-at="2025-04-22T16:04:46 IST" name="tearDown" finished-at="2025-04-22T16:04:46 IST" duration-ms="2" status="PASS">
          <reporter-output>
          </reporter-output>
        </test-method> <!-- tearDown -->
      </class> <!-- test.Employee_Bus_Attendant_Positive_Test -->
    </test> <!-- Default test -->
  </suite> <!-- Default suite -->
</testng-results>
